<?xml version="1.0" encoding="UTF-8"?>
<!-- Generated by org.testng.reporters.JUnitReportReporter -->
<testsuite hostname="ahmed-Inspiron-5559" failures="0" tests="2" name="tests.Tests" time="11.350" errors="0" timestamp="2022-01-12T23:37:51 EET" skipped="0">
  <testcase classname="tests.Tests" name="TestTwo" time="6.879"/>
  <system-out/>
  <testcase classname="tests.Tests" name="TestOne" time="4.471"/>
  <system-out/>
</testsuite> <!-- tests.Tests -->
